<?xml version="1.0" encoding="UTF-8"?>
<testsuite name="tests.LoginTest" tests="1" skipped="0" failures="0" errors="0" timestamp="2022-03-18T07:49:34" hostname="DESKTOP-GTJO46A" time="5.402">
  <properties/>
  <testcase name="loginTest2" classname="tests.LoginTest" time="5.402"/>
  <system-out><![CDATA[09:49:33. INFO  manager.MyListener - Start search element by locator --->By.xpath: //button[text()='Sign Out']
09:49:33. INFO  manager.MyListener - The element with locator --->By.xpath: //button[text()='Sign Out']was found
09:49:33. INFO  manager.MyListener - Start search element by locator --->By.xpath: //button[text()='Sign Out']
09:49:33. INFO  manager.MyListener - The element with locator --->By.xpath: //button[text()='Sign Out']was found
09:49:34. INFO  tests.TestBase - User{email='noa@gmail.com', password='Nnoa12345$'}
09:49:34. INFO  manager.MyListener - Start search element by locator --->By.xpath: //a[text()='LOGIN']
09:49:34. INFO  manager.MyListener - The element with locator --->By.xpath: //a[text()='LOGIN']was found
09:49:34. INFO  manager.MyListener - Start search element by locator --->By.xpath: //input[1]
09:49:34. INFO  manager.MyListener - The element with locator --->By.xpath: //input[1]was found
09:49:34. INFO  manager.MyListener - Start search element by locator --->By.xpath: //input[2]
09:49:34. INFO  manager.MyListener - The element with locator --->By.xpath: //input[2]was found
09:49:34. INFO  manager.MyListener - Start search element by locator --->By.xpath: //button[1]
09:49:34. INFO  manager.MyListener - The element with locator --->By.xpath: //button[1]was found
09:49:39. INFO  manager.MyListener - Start search element by locator --->By.xpath: //button[text()='Sign Out']
09:49:39. INFO  manager.MyListener - The element with locator --->By.xpath: //button[text()='Sign Out']was found
]]></system-out>
  <system-err><![CDATA[]]></system-err>
</testsuite>
