<?xml version="1.0" encoding="UTF-8"?>
<testsuite name="tests.AddNewContact" tests="5" skipped="0" failures="2" errors="0" timestamp="2022-03-18T07:48:15" hostname="DESKTOP-GTJO46A" time="78.704">
  <properties/>
  <testcase name="addNewContactSuccess" classname="tests.AddNewContact" time="4.764"/>
  <testcase name="addNewContactSuccess" classname="tests.AddNewContact" time="3.634"/>
  <testcase name="addNewContactSuccess" classname="tests.AddNewContact" time="3.739"/>
  <testcase name="addNewContactSuccessScv[0](Contact{name='Mona', lastName='Dow', email='monaa@gmail.com', phone='3214598760', address='Haifa', description='friend'})" classname="tests.AddNewContact" time="23.037">
    <failure message="java.lang.AssertionError: expected [1] but found [-32]" type="java.lang.AssertionError">java.lang.AssertionError: expected [1] but found [-32]
	at org.testng.Assert.fail(Assert.java:99)
	at org.testng.Assert.failNotEquals(Assert.java:1037)
	at org.testng.Assert.assertEqualsImpl(Assert.java:140)
	at org.testng.Assert.assertEquals(Assert.java:122)
	at org.testng.Assert.assertEquals(Assert.java:907)
	at org.testng.Assert.assertEquals(Assert.java:917)
	at tests.AddNewContact.addNewContactSuccessScv(AddNewContact.java:69)
	at java.base/jdk.internal.reflect.NativeMethodAccessorImpl.invoke0(Native Method)
	at java.base/jdk.internal.reflect.NativeMethodAccessorImpl.invoke(NativeMethodAccessorImpl.java:62)
	at java.base/jdk.internal.reflect.DelegatingMethodAccessorImpl.invoke(DelegatingMethodAccessorImpl.java:43)
	at java.base/java.lang.reflect.Method.invoke(Method.java:566)
	at org.testng.internal.MethodInvocationHelper.invokeMethod(MethodInvocationHelper.java:133)
	at org.testng.internal.TestInvoker.invokeMethod(TestInvoker.java:598)
	at org.testng.internal.TestInvoker.invokeTestMethod(TestInvoker.java:173)
	at org.testng.internal.MethodRunner.runInSequence(MethodRunner.java:46)
	at org.testng.internal.TestInvoker$MethodInvocationAgent.invoke(TestInvoker.java:824)
	at org.testng.internal.TestInvoker.invokeTestMethods(TestInvoker.java:146)
	at org.testng.internal.TestMethodWorker.invokeTestMethods(TestMethodWorker.java:146)
	at org.testng.internal.TestMethodWorker.run(TestMethodWorker.java:128)
	at java.base/java.util.ArrayList.forEach(ArrayList.java:1541)
	at org.testng.TestRunner.privateRun(TestRunner.java:794)
	at org.testng.TestRunner.run(TestRunner.java:596)
	at org.testng.SuiteRunner.runTest(SuiteRunner.java:377)
	at org.testng.SuiteRunner.runSequentially(SuiteRunner.java:371)
	at org.testng.SuiteRunner.privateRun(SuiteRunner.java:332)
	at org.testng.SuiteRunner.run(SuiteRunner.java:276)
	at org.testng.SuiteRunnerWorker.runSuite(SuiteRunnerWorker.java:53)
	at org.testng.SuiteRunnerWorker.run(SuiteRunnerWorker.java:96)
	at org.testng.TestNG.runSuitesSequentially(TestNG.java:1212)
	at org.testng.TestNG.runSuitesLocally(TestNG.java:1134)
	at org.testng.TestNG.runSuites(TestNG.java:1063)
	at org.testng.TestNG.run(TestNG.java:1031)
	at org.gradle.api.internal.tasks.testing.testng.TestNGTestClassProcessor.runTests(TestNGTestClassProcessor.java:141)
	at org.gradle.api.internal.tasks.testing.testng.TestNGTestClassProcessor.stop(TestNGTestClassProcessor.java:90)
	at org.gradle.api.internal.tasks.testing.SuiteTestClassProcessor.stop(SuiteTestClassProcessor.java:61)
	at java.base/jdk.internal.reflect.NativeMethodAccessorImpl.invoke0(Native Method)
	at java.base/jdk.internal.reflect.NativeMethodAccessorImpl.invoke(NativeMethodAccessorImpl.java:62)
	at java.base/jdk.internal.reflect.DelegatingMethodAccessorImpl.invoke(DelegatingMethodAccessorImpl.java:43)
	at java.base/java.lang.reflect.Method.invoke(Method.java:566)
	at org.gradle.internal.dispatch.ReflectionDispatch.dispatch(ReflectionDispatch.java:35)
	at org.gradle.internal.dispatch.ReflectionDispatch.dispatch(ReflectionDispatch.java:24)
	at org.gradle.internal.dispatch.ContextClassLoaderDispatch.dispatch(ContextClassLoaderDispatch.java:32)
	at org.gradle.internal.dispatch.ProxyDispatchAdapter$DispatchingInvocationHandler.invoke(ProxyDispatchAdapter.java:93)
	at com.sun.proxy.$Proxy2.stop(Unknown Source)
	at org.gradle.api.internal.tasks.testing.worker.TestWorker.stop(TestWorker.java:132)
	at java.base/jdk.internal.reflect.NativeMethodAccessorImpl.invoke0(Native Method)
	at java.base/jdk.internal.reflect.NativeMethodAccessorImpl.invoke(NativeMethodAccessorImpl.java:62)
	at java.base/jdk.internal.reflect.DelegatingMethodAccessorImpl.invoke(DelegatingMethodAccessorImpl.java:43)
	at java.base/java.lang.reflect.Method.invoke(Method.java:566)
	at org.gradle.internal.dispatch.ReflectionDispatch.dispatch(ReflectionDispatch.java:35)
	at org.gradle.internal.dispatch.ReflectionDispatch.dispatch(ReflectionDispatch.java:24)
	at org.gradle.internal.remote.internal.hub.MessageHubBackedObjectConnection$DispatchWrapper.dispatch(MessageHubBackedObjectConnection.java:175)
	at org.gradle.internal.remote.internal.hub.MessageHubBackedObjectConnection$DispatchWrapper.dispatch(MessageHubBackedObjectConnection.java:157)
	at org.gradle.internal.remote.internal.hub.MessageHub$Handler.run(MessageHub.java:404)
	at org.gradle.internal.concurrent.ExecutorPolicy$CatchAndRecordFailures.onExecute(ExecutorPolicy.java:63)
	at org.gradle.internal.concurrent.ManagedExecutorImpl$1.run(ManagedExecutorImpl.java:46)
	at java.base/java.util.concurrent.ThreadPoolExecutor.runWorker(ThreadPoolExecutor.java:1128)
	at java.base/java.util.concurrent.ThreadPoolExecutor$Worker.run(ThreadPoolExecutor.java:628)
	at org.gradle.internal.concurrent.ThreadFactoryImpl$ManagedThreadRunnable.run(ThreadFactoryImpl.java:55)
	at java.base/java.lang.Thread.run(Thread.java:834)
</failure>
  </testcase>
  <testcase name="addNewContactSuccessScv[1](Contact{name='Mona', lastName='Dow', email='mona1@gmail.com', phone='3214598764', address='Haifa', description='friend'})" classname="tests.AddNewContact" time="43.46">
    <failure message="java.lang.AssertionError: expected [1] but found [0]" type="java.lang.AssertionError">java.lang.AssertionError: expected [1] but found [0]
	at org.testng.Assert.fail(Assert.java:99)
	at org.testng.Assert.failNotEquals(Assert.java:1037)
	at org.testng.Assert.assertEqualsImpl(Assert.java:140)
	at org.testng.Assert.assertEquals(Assert.java:122)
	at org.testng.Assert.assertEquals(Assert.java:907)
	at org.testng.Assert.assertEquals(Assert.java:917)
	at tests.AddNewContact.addNewContactSuccessScv(AddNewContact.java:69)
	at java.base/jdk.internal.reflect.NativeMethodAccessorImpl.invoke0(Native Method)
	at java.base/jdk.internal.reflect.NativeMethodAccessorImpl.invoke(NativeMethodAccessorImpl.java:62)
	at java.base/jdk.internal.reflect.DelegatingMethodAccessorImpl.invoke(DelegatingMethodAccessorImpl.java:43)
	at java.base/java.lang.reflect.Method.invoke(Method.java:566)
	at org.testng.internal.MethodInvocationHelper.invokeMethod(MethodInvocationHelper.java:133)
	at org.testng.internal.TestInvoker.invokeMethod(TestInvoker.java:598)
	at org.testng.internal.TestInvoker.invokeTestMethod(TestInvoker.java:173)
	at org.testng.internal.MethodRunner.runInSequence(MethodRunner.java:46)
	at org.testng.internal.TestInvoker$MethodInvocationAgent.invoke(TestInvoker.java:824)
	at org.testng.internal.TestInvoker.invokeTestMethods(TestInvoker.java:146)
	at org.testng.internal.TestMethodWorker.invokeTestMethods(TestMethodWorker.java:146)
	at org.testng.internal.TestMethodWorker.run(TestMethodWorker.java:128)
	at java.base/java.util.ArrayList.forEach(ArrayList.java:1541)
	at org.testng.TestRunner.privateRun(TestRunner.java:794)
	at org.testng.TestRunner.run(TestRunner.java:596)
	at org.testng.SuiteRunner.runTest(SuiteRunner.java:377)
	at org.testng.SuiteRunner.runSequentially(SuiteRunner.java:371)
	at org.testng.SuiteRunner.privateRun(SuiteRunner.java:332)
	at org.testng.SuiteRunner.run(SuiteRunner.java:276)
	at org.testng.SuiteRunnerWorker.runSuite(SuiteRunnerWorker.java:53)
	at org.testng.SuiteRunnerWorker.run(SuiteRunnerWorker.java:96)
	at org.testng.TestNG.runSuitesSequentially(TestNG.java:1212)
	at org.testng.TestNG.runSuitesLocally(TestNG.java:1134)
	at org.testng.TestNG.runSuites(TestNG.java:1063)
	at org.testng.TestNG.run(TestNG.java:1031)
	at org.gradle.api.internal.tasks.testing.testng.TestNGTestClassProcessor.runTests(TestNGTestClassProcessor.java:141)
	at org.gradle.api.internal.tasks.testing.testng.TestNGTestClassProcessor.stop(TestNGTestClassProcessor.java:90)
	at org.gradle.api.internal.tasks.testing.SuiteTestClassProcessor.stop(SuiteTestClassProcessor.java:61)
	at java.base/jdk.internal.reflect.NativeMethodAccessorImpl.invoke0(Native Method)
	at java.base/jdk.internal.reflect.NativeMethodAccessorImpl.invoke(NativeMethodAccessorImpl.java:62)
	at java.base/jdk.internal.reflect.DelegatingMethodAccessorImpl.invoke(DelegatingMethodAccessorImpl.java:43)
	at java.base/java.lang.reflect.Method.invoke(Method.java:566)
	at org.gradle.internal.dispatch.ReflectionDispatch.dispatch(ReflectionDispatch.java:35)
	at org.gradle.internal.dispatch.ReflectionDispatch.dispatch(ReflectionDispatch.java:24)
	at org.gradle.internal.dispatch.ContextClassLoaderDispatch.dispatch(ContextClassLoaderDispatch.java:32)
	at org.gradle.internal.dispatch.ProxyDispatchAdapter$DispatchingInvocationHandler.invoke(ProxyDispatchAdapter.java:93)
	at com.sun.proxy.$Proxy2.stop(Unknown Source)
	at org.gradle.api.internal.tasks.testing.worker.TestWorker.stop(TestWorker.java:132)
	at java.base/jdk.internal.reflect.NativeMethodAccessorImpl.invoke0(Native Method)
	at java.base/jdk.internal.reflect.NativeMethodAccessorImpl.invoke(NativeMethodAccessorImpl.java:62)
	at java.base/jdk.internal.reflect.DelegatingMethodAccessorImpl.invoke(DelegatingMethodAccessorImpl.java:43)
	at java.base/java.lang.reflect.Method.invoke(Method.java:566)
	at org.gradle.internal.dispatch.ReflectionDispatch.dispatch(ReflectionDispatch.java:35)
	at org.gradle.internal.dispatch.ReflectionDispatch.dispatch(ReflectionDispatch.java:24)
	at org.gradle.internal.remote.internal.hub.MessageHubBackedObjectConnection$DispatchWrapper.dispatch(MessageHubBackedObjectConnection.java:175)
	at org.gradle.internal.remote.internal.hub.MessageHubBackedObjectConnection$DispatchWrapper.dispatch(MessageHubBackedObjectConnection.java:157)
	at org.gradle.internal.remote.internal.hub.MessageHub$Handler.run(MessageHub.java:404)
	at org.gradle.internal.concurrent.ExecutorPolicy$CatchAndRecordFailures.onExecute(ExecutorPolicy.java:63)
	at org.gradle.internal.concurrent.ManagedExecutorImpl$1.run(ManagedExecutorImpl.java:46)
	at java.base/java.util.concurrent.ThreadPoolExecutor.runWorker(ThreadPoolExecutor.java:1128)
	at java.base/java.util.concurrent.ThreadPoolExecutor$Worker.run(ThreadPoolExecutor.java:628)
	at org.gradle.internal.concurrent.ThreadFactoryImpl$ManagedThreadRunnable.run(ThreadFactoryImpl.java:55)
	at java.base/java.lang.Thread.run(Thread.java:834)
</failure>
  </testcase>
  <system-out><![CDATA[09:47:54. INFO  manager.MyListener - Start search element by locator --->By.xpath: //button[text()='Sign Out']
09:48:14. INFO  manager.MyListener - The element with locator --->By.xpath: //button[text()='Sign Out']was found
09:48:14. INFO  manager.MyListener - Start search element by locator --->By.xpath: //a[text()='LOGIN']
09:48:14. INFO  manager.MyListener - The element with locator --->By.xpath: //a[text()='LOGIN']was found
09:48:14. INFO  manager.MyListener - Start search element by locator --->By.xpath: //input[1]
09:48:14. INFO  manager.MyListener - The element with locator --->By.xpath: //input[1]was found
09:48:15. INFO  manager.MyListener - Start search element by locator --->By.xpath: //input[2]
09:48:15. INFO  manager.MyListener - The element with locator --->By.xpath: //input[2]was found
09:48:15. INFO  manager.MyListener - Start search element by locator --->By.xpath: //button[1]
09:48:15. INFO  manager.MyListener - The element with locator --->By.xpath: //button[1]was found
09:48:15. INFO  manager.MyListener - Start search element by locator --->By.cssSelector: .contact-item_card__2SOIM
09:48:16. INFO  manager.MyListener - The element with locator --->By.cssSelector: .contact-item_card__2SOIMwas found
09:48:16. INFO  tests.TestBase - The test 'Add new contact starts with count of contact---->29

09:48:16. INFO  manager.MyListener - Start search element by locator --->By.cssSelector: [href='/add']
09:48:16. INFO  manager.MyListener - The element with locator --->By.cssSelector: [href='/add']was found
09:48:16. INFO  manager.MyListener - Start search element by locator --->By.cssSelector: [placeholder='Name']
09:48:16. INFO  manager.MyListener - The element with locator --->By.cssSelector: [placeholder='Name']was found
09:48:16. INFO  manager.MyListener - Start search element by locator --->By.cssSelector: [placeholder='Last Name']
09:48:16. INFO  manager.MyListener - The element with locator --->By.cssSelector: [placeholder='Last Name']was found
09:48:16. INFO  manager.MyListener - Start search element by locator --->By.cssSelector: [placeholder='Phone']
09:48:16. INFO  manager.MyListener - The element with locator --->By.cssSelector: [placeholder='Phone']was found
09:48:16. INFO  manager.MyListener - Start search element by locator --->By.cssSelector: [placeholder='email']
09:48:16. INFO  manager.MyListener - The element with locator --->By.cssSelector: [placeholder='email']was found
09:48:16. INFO  manager.MyListener - Start search element by locator --->By.cssSelector: [placeholder='Address']
09:48:16. INFO  manager.MyListener - The element with locator --->By.cssSelector: [placeholder='Address']was found
09:48:17. INFO  manager.MyListener - Start search element by locator --->By.cssSelector: [placeholder='description']
09:48:17. INFO  manager.MyListener - The element with locator --->By.cssSelector: [placeholder='description']was found
09:48:17. INFO  manager.MyListener - Start search element by locator --->By.cssSelector: .add_form__2rsm2 button
09:48:17. INFO  manager.MyListener - The element with locator --->By.cssSelector: .add_form__2rsm2 buttonwas found
09:48:17. INFO  manager.MyListener - Start search element by locator --->By.cssSelector: .contact-item_card__2SOIM
09:48:17. INFO  manager.MyListener - The element with locator --->By.cssSelector: .contact-item_card__2SOIMwas found
09:48:17. INFO  tests.TestBase - The test 'Add new contact' ends with count of contact in the end --->30
09:48:19. INFO  manager.MyListener - Start search element by locator --->By.cssSelector: h2
09:48:19. INFO  manager.MyListener - The element with locator --->By.cssSelector: h2was found
09:48:19. INFO  manager.MyListener - Start search element by locator --->By.cssSelector: h3
09:48:19. INFO  manager.MyListener - The element with locator --->By.cssSelector: h3was found
09:48:20. INFO  manager.MyListener - Start search element by locator --->By.xpath: //button[text()='Sign Out']
09:48:20. INFO  manager.MyListener - The element with locator --->By.xpath: //button[text()='Sign Out']was found
09:48:20. INFO  manager.MyListener - Start search element by locator --->By.cssSelector: .contact-item_card__2SOIM
09:48:20. INFO  manager.MyListener - The element with locator --->By.cssSelector: .contact-item_card__2SOIMwas found
09:48:20. INFO  tests.TestBase - The test 'Add new contact starts with count of contact---->30

09:48:20. INFO  manager.MyListener - Start search element by locator --->By.cssSelector: [href='/add']
09:48:20. INFO  manager.MyListener - The element with locator --->By.cssSelector: [href='/add']was found
09:48:20. INFO  manager.MyListener - Start search element by locator --->By.cssSelector: [placeholder='Name']
09:48:20. INFO  manager.MyListener - The element with locator --->By.cssSelector: [placeholder='Name']was found
09:48:20. INFO  manager.MyListener - Start search element by locator --->By.cssSelector: [placeholder='Last Name']
09:48:20. INFO  manager.MyListener - The element with locator --->By.cssSelector: [placeholder='Last Name']was found
09:48:20. INFO  manager.MyListener - Start search element by locator --->By.cssSelector: [placeholder='Phone']
09:48:20. INFO  manager.MyListener - The element with locator --->By.cssSelector: [placeholder='Phone']was found
09:48:20. INFO  manager.MyListener - Start search element by locator --->By.cssSelector: [placeholder='email']
09:48:20. INFO  manager.MyListener - The element with locator --->By.cssSelector: [placeholder='email']was found
09:48:20. INFO  manager.MyListener - Start search element by locator --->By.cssSelector: [placeholder='Address']
09:48:20. INFO  manager.MyListener - The element with locator --->By.cssSelector: [placeholder='Address']was found
09:48:20. INFO  manager.MyListener - Start search element by locator --->By.cssSelector: [placeholder='description']
09:48:20. INFO  manager.MyListener - The element with locator --->By.cssSelector: [placeholder='description']was found
09:48:20. INFO  manager.MyListener - Start search element by locator --->By.cssSelector: .add_form__2rsm2 button
09:48:20. INFO  manager.MyListener - The element with locator --->By.cssSelector: .add_form__2rsm2 buttonwas found
09:48:20. INFO  manager.MyListener - Start search element by locator --->By.cssSelector: .contact-item_card__2SOIM
09:48:21. INFO  manager.MyListener - The element with locator --->By.cssSelector: .contact-item_card__2SOIMwas found
09:48:21. INFO  tests.TestBase - The test 'Add new contact' ends with count of contact in the end --->31
09:48:23. INFO  manager.MyListener - Start search element by locator --->By.cssSelector: h2
09:48:23. INFO  manager.MyListener - The element with locator --->By.cssSelector: h2was found
09:48:23. INFO  manager.MyListener - Start search element by locator --->By.cssSelector: h3
09:48:23. INFO  manager.MyListener - The element with locator --->By.cssSelector: h3was found
09:48:23. INFO  manager.MyListener - Start search element by locator --->By.xpath: //button[text()='Sign Out']
09:48:23. INFO  manager.MyListener - The element with locator --->By.xpath: //button[text()='Sign Out']was found
09:48:23. INFO  manager.MyListener - Start search element by locator --->By.cssSelector: .contact-item_card__2SOIM
09:48:23. INFO  manager.MyListener - The element with locator --->By.cssSelector: .contact-item_card__2SOIMwas found
09:48:23. INFO  tests.TestBase - The test 'Add new contact starts with count of contact---->31

09:48:23. INFO  manager.MyListener - Start search element by locator --->By.cssSelector: [href='/add']
09:48:23. INFO  manager.MyListener - The element with locator --->By.cssSelector: [href='/add']was found
09:48:23. INFO  manager.MyListener - Start search element by locator --->By.cssSelector: [placeholder='Name']
09:48:23. INFO  manager.MyListener - The element with locator --->By.cssSelector: [placeholder='Name']was found
09:48:23. INFO  manager.MyListener - Start search element by locator --->By.cssSelector: [placeholder='Last Name']
09:48:23. INFO  manager.MyListener - The element with locator --->By.cssSelector: [placeholder='Last Name']was found
09:48:24. INFO  manager.MyListener - Start search element by locator --->By.cssSelector: [placeholder='Phone']
09:48:24. INFO  manager.MyListener - The element with locator --->By.cssSelector: [placeholder='Phone']was found
09:48:24. INFO  manager.MyListener - Start search element by locator --->By.cssSelector: [placeholder='email']
09:48:24. INFO  manager.MyListener - The element with locator --->By.cssSelector: [placeholder='email']was found
09:48:24. INFO  manager.MyListener - Start search element by locator --->By.cssSelector: [placeholder='Address']
09:48:24. INFO  manager.MyListener - The element with locator --->By.cssSelector: [placeholder='Address']was found
09:48:24. INFO  manager.MyListener - Start search element by locator --->By.cssSelector: [placeholder='description']
09:48:24. INFO  manager.MyListener - The element with locator --->By.cssSelector: [placeholder='description']was found
09:48:24. INFO  manager.MyListener - Start search element by locator --->By.cssSelector: .add_form__2rsm2 button
09:48:24. INFO  manager.MyListener - The element with locator --->By.cssSelector: .add_form__2rsm2 buttonwas found
09:48:24. INFO  manager.MyListener - Start search element by locator --->By.cssSelector: .contact-item_card__2SOIM
09:48:24. INFO  manager.MyListener - The element with locator --->By.cssSelector: .contact-item_card__2SOIMwas found
09:48:24. INFO  tests.TestBase - The test 'Add new contact' ends with count of contact in the end --->32
09:48:26. INFO  manager.MyListener - Start search element by locator --->By.cssSelector: h2
09:48:27. INFO  manager.MyListener - The element with locator --->By.cssSelector: h2was found
09:48:27. INFO  manager.MyListener - Start search element by locator --->By.cssSelector: h3
09:48:27. INFO  manager.MyListener - The element with locator --->By.cssSelector: h3was found
09:48:27. INFO  manager.MyListener - Start search element by locator --->By.xpath: //button[text()='Sign Out']
09:48:27. INFO  manager.MyListener - The element with locator --->By.xpath: //button[text()='Sign Out']was found
09:48:27. INFO  manager.MyListener - Start search element by locator --->By.cssSelector: .contact-item_card__2SOIM
09:48:27. INFO  manager.MyListener - The element with locator --->By.cssSelector: .contact-item_card__2SOIMwas found
09:48:27. INFO  tests.TestBase - The test 'Add new contact' starts with count of contact---->32
09:48:27. INFO  tests.TestBase - The test 'Add new contact' starts with data ---->Contact{name='Mona', lastName='Dow', email='monaa@gmail.com', phone='3214598760', address='Haifa', description='friend'}
09:48:27. INFO  manager.MyListener - Start search element by locator --->By.cssSelector: [href='/add']
09:48:27. INFO  manager.MyListener - The element with locator --->By.cssSelector: [href='/add']was found
09:48:27. INFO  manager.MyListener - Start search element by locator --->By.cssSelector: [placeholder='Name']
09:48:27. INFO  manager.MyListener - The element with locator --->By.cssSelector: [placeholder='Name']was found
09:48:27. INFO  manager.MyListener - Start search element by locator --->By.cssSelector: [placeholder='Last Name']
09:48:27. INFO  manager.MyListener - The element with locator --->By.cssSelector: [placeholder='Last Name']was found
09:48:27. INFO  manager.MyListener - Start search element by locator --->By.cssSelector: [placeholder='Phone']
09:48:27. INFO  manager.MyListener - The element with locator --->By.cssSelector: [placeholder='Phone']was found
09:48:27. INFO  manager.MyListener - Start search element by locator --->By.cssSelector: [placeholder='email']
09:48:27. INFO  manager.MyListener - The element with locator --->By.cssSelector: [placeholder='email']was found
09:48:28. INFO  manager.MyListener - Start search element by locator --->By.cssSelector: [placeholder='Address']
09:48:28. INFO  manager.MyListener - The element with locator --->By.cssSelector: [placeholder='Address']was found
09:48:28. INFO  manager.MyListener - Start search element by locator --->By.cssSelector: [placeholder='description']
09:48:28. INFO  manager.MyListener - The element with locator --->By.cssSelector: [placeholder='description']was found
09:48:28. INFO  manager.MyListener - Start search element by locator --->By.cssSelector: .add_form__2rsm2 button
09:48:28. INFO  manager.MyListener - The element with locator --->By.cssSelector: .add_form__2rsm2 buttonwas found
09:48:28. INFO  manager.MyListener - Start search element by locator --->By.cssSelector: .contact-item_card__2SOIM
09:48:48. INFO  manager.MyListener - The element with locator --->By.cssSelector: .contact-item_card__2SOIMwas found
09:48:48. INFO  tests.TestBase - The test 'Add new contact' ends with count of contact in the end --->0
09:48:50. INFO  manager.MyListener - Start search element by locator --->By.xpath: //button[text()='Sign Out']
09:48:50. INFO  manager.MyListener - The element with locator --->By.xpath: //button[text()='Sign Out']was found
09:48:50. INFO  manager.MyListener - Start search element by locator --->By.cssSelector: .contact-item_card__2SOIM
09:49:10. INFO  manager.MyListener - The element with locator --->By.cssSelector: .contact-item_card__2SOIMwas found
09:49:10. INFO  tests.TestBase - The test 'Add new contact' starts with count of contact---->0
09:49:10. INFO  tests.TestBase - The test 'Add new contact' starts with data ---->Contact{name='Mona', lastName='Dow', email='mona1@gmail.com', phone='3214598764', address='Haifa', description='friend'}
09:49:10. INFO  manager.MyListener - Start search element by locator --->By.cssSelector: [href='/add']
09:49:10. INFO  manager.MyListener - The element with locator --->By.cssSelector: [href='/add']was found
09:49:10. INFO  manager.MyListener - Start search element by locator --->By.cssSelector: [placeholder='Name']
09:49:10. INFO  manager.MyListener - The element with locator --->By.cssSelector: [placeholder='Name']was found
09:49:10. INFO  manager.MyListener - Start search element by locator --->By.cssSelector: [placeholder='Last Name']
09:49:10. INFO  manager.MyListener - The element with locator --->By.cssSelector: [placeholder='Last Name']was found
09:49:11. INFO  manager.MyListener - Start search element by locator --->By.cssSelector: [placeholder='Phone']
09:49:11. INFO  manager.MyListener - The element with locator --->By.cssSelector: [placeholder='Phone']was found
09:49:11. INFO  manager.MyListener - Start search element by locator --->By.cssSelector: [placeholder='email']
09:49:11. INFO  manager.MyListener - The element with locator --->By.cssSelector: [placeholder='email']was found
09:49:11. INFO  manager.MyListener - Start search element by locator --->By.cssSelector: [placeholder='Address']
09:49:11. INFO  manager.MyListener - The element with locator --->By.cssSelector: [placeholder='Address']was found
09:49:11. INFO  manager.MyListener - Start search element by locator --->By.cssSelector: [placeholder='description']
09:49:11. INFO  manager.MyListener - The element with locator --->By.cssSelector: [placeholder='description']was found
09:49:11. INFO  manager.MyListener - Start search element by locator --->By.cssSelector: .add_form__2rsm2 button
09:49:11. INFO  manager.MyListener - The element with locator --->By.cssSelector: .add_form__2rsm2 buttonwas found
09:49:11. INFO  manager.MyListener - Start search element by locator --->By.cssSelector: .contact-item_card__2SOIM
09:49:31. INFO  manager.MyListener - The element with locator --->By.cssSelector: .contact-item_card__2SOIMwas found
09:49:31. INFO  tests.TestBase - The test 'Add new contact' ends with count of contact in the end --->0
]]></system-out>
  <system-err><![CDATA[]]></system-err>
</testsuite>
